<?xml version="1.0" encoding="UTF-8"?>
<!-- Generated by org.testng.reporters.JUnitReportReporter -->
<testsuite hostname="LAP0006736" failures="0" tests="1" name="SwiggyCucumberStepDefinition.CucumberTestRunner" time="0.095" errors="0" timestamp="2021-03-02T23:55:58 IST" skipped="0">
  <testcase classname="SwiggyCucumberStepDefinition.CucumberTestRunner" name="feature" time="0.095"/>
  <system-out/>
</testsuite> <!-- SwiggyCucumberStepDefinition.CucumberTestRunner -->
