<?xml version="1.0" encoding="UTF-8"?>
<!-- Generated by org.testng.reporters.JUnitReportReporter -->
<testsuite hostname="LAP0006736" failures="0" tests="2" name="SwiggyTest.SwiggyTest" time="0.005" errors="0" timestamp="2021-02-21T01:21:08 IST" skipped="0">
  <testcase classname="SwiggyTest.SwiggyTest" name="f" time="0.002"/>
  <system-out/>
  <testcase classname="SwiggyTest.SwiggyTest" name="f" time="0.003"/>
  <system-out/>
</testsuite> <!-- SwiggyTest.SwiggyTest -->
