<?xml version="1.0" encoding="UTF-8"?>
<!-- Generated by org.testng.reporters.JUnitReportReporter -->
<testsuite hostname="LAP0006736" failures="0" tests="2" name="org.testng.test.SwiggyTest" time="0.004" errors="0" timestamp="2021-02-21T00:58:56 IST" skipped="0">
  <testcase classname="org.testng.test.SwiggyTest" name="f" time="0.001"/>
  <system-out/>
  <testcase classname="org.testng.test.SwiggyTest" name="f" time="0.003"/>
  <system-out/>
</testsuite> <!-- org.testng.test.SwiggyTest -->
