<?xml version="1.0" encoding="UTF-8"?>
<!-- Generated by org.testng.reporters.JUnitReportReporter -->
<testsuite hostname="LAP0006736" failures="0" tests="4" name="SwiggyTestNGSuite.SwiggyTest" time="49.329" errors="0" timestamp="2021-03-02T23:55:58 IST" skipped="0">
  <testcase classname="SwiggyTestNGSuite.SwiggyTest" name="SwiggyRestaurantMenu" time="22.691"/>
  <system-out/>
  <testcase classname="SwiggyTestNGSuite.SwiggyTest" name="SwiggyRestaurantCheckout" time="4.123"/>
  <system-out/>
  <testcase classname="SwiggyTestNGSuite.SwiggyTest" name="SwiggyHome" time="14.179"/>
  <system-out/>
  <testcase classname="SwiggyTestNGSuite.SwiggyTest" name="SwiggySearch" time="8.336"/>
  <system-out/>
</testsuite> <!-- SwiggyTestNGSuite.SwiggyTest -->
