<?xml version="1.0" encoding="UTF-8"?>
<!-- Generated by org.testng.reporters.JUnitReportReporter -->
<testsuite hostname="LAP0006736" failures="0" tests="1" name="SwiggyTestNGSuite.SwiggyTest$CucumberTestRunner" time="0.099" errors="0" timestamp="2021-03-02T23:31:37 IST" skipped="0">
  <testcase classname="SwiggyTestNGSuite.SwiggyTest$CucumberTestRunner" name="feature" time="0.099"/>
  <system-out/>
</testsuite> <!-- SwiggyTestNGSuite.SwiggyTest$CucumberTestRunner -->
