<?xml version="1.0" encoding="UTF-8"?>
<!-- Generated by org.testng.reporters.JUnitReportReporter -->
<testsuite hostname="LAP0006736" failures="0" tests="4" name="SwiggyTestNGSuite.SwiggyTest" time="49.906" errors="0" timestamp="2021-03-03T21:53:04 IST" skipped="0">
  <testcase classname="SwiggyTestNGSuite.SwiggyTest" name="SwiggyRestaurantCheckout" time="4.167"/>
  <system-out/>
  <testcase classname="SwiggyTestNGSuite.SwiggyTest" name="SwiggyHome" time="15.093"/>
  <system-out/>
  <testcase classname="SwiggyTestNGSuite.SwiggyTest" name="SwiggyRestaurantMenu" time="22.241"/>
  <system-out/>
  <testcase classname="SwiggyTestNGSuite.SwiggyTest" name="SwiggySearch" time="8.405"/>
  <system-out/>
</testsuite> <!-- SwiggyTestNGSuite.SwiggyTest -->
