<?xml version="1.0" encoding="UTF-8"?>
<!-- Generated by org.testng.reporters.JUnitReportReporter -->
<testsuite hostname="LAP0006736" failures="0" tests="1" name="SwiggyCucumberStepDefinition.CucumberTestRunner" time="0.099" errors="0" timestamp="2021-03-03T01:56:17 IST" skipped="0">
  <testcase classname="SwiggyCucumberStepDefinition.CucumberTestRunner" name="feature" time="0.099"/>
  <system-out/>
</testsuite> <!-- SwiggyCucumberStepDefinition.CucumberTestRunner -->
